/home/travis/build/pastika/Othello/othelloArbiter.h:10: warning: Compound OthelloArbiter is not documented.
/home/travis/build/pastika/Othello/othelloPlayerRandom.h:9: warning: Compound OthelloPlayerRandom is not documented.
/home/travis/build/pastika/Othello/othelloMenu.h:17: warning: Compound OthelloMenu is not documented.
/home/travis/build/pastika/Othello/othelloPlayerHuman.h:9: warning: Compound OthelloPlayerHuman is not documented.
/home/travis/build/pastika/Othello/othelloPlayerTelnet.h:14: warning: Compound OthelloPlayerTelnet is not documented.
/home/travis/build/pastika/Othello/othelloPlayerCES.h:7: warning: Compound OthelloPlayerCES is not documented.
/home/travis/build/pastika/Othello/othelloPlayerRemote.h:12: warning: Compound OthelloPlayerRemote is not documented.
/home/travis/build/pastika/Othello/othelloPlayerLOM.h:7: warning: Compound OthelloPlayerLOM is not documented.
/home/travis/build/pastika/Othello/othelloArbiterClient.h:10: warning: Compound OthelloArbiterClient is not documented.
Searching for include files...
Searching for example files...
Searching for images...
Searching for dot files...
Searching for msc files...
Searching for dia files...
Searching for files to exclude
Searching for files to process...
Searching for files in directory /home/travis/build/pastika/Othello
Reading and parsing tag files
Parsing files
Preprocessing /home/travis/build/pastika/Othello/othello.cpp...
Parsing file /home/travis/build/pastika/Othello/othello.cpp...
Preprocessing /home/travis/build/pastika/Othello/othelloArbiter.cpp...
Parsing file /home/travis/build/pastika/Othello/othelloArbiter.cpp...
Preprocessing /home/travis/build/pastika/Othello/othelloArbiter.h...
Parsing file /home/travis/build/pastika/Othello/othelloArbiter.h...
Preprocessing /home/travis/build/pastika/Othello/othelloArbiterClient.cpp...
Parsing file /home/travis/build/pastika/Othello/othelloArbiterClient.cpp...
Preprocessing /home/travis/build/pastika/Othello/othelloArbiterClient.h...
Parsing file /home/travis/build/pastika/Othello/othelloArbiterClient.h...
Preprocessing /home/travis/build/pastika/Othello/othelloBoard.h...
Parsing file /home/travis/build/pastika/Othello/othelloBoard.h...
Preprocessing /home/travis/build/pastika/Othello/othelloClient.cpp...
Parsing file /home/travis/build/pastika/Othello/othelloClient.cpp...
Preprocessing /home/travis/build/pastika/Othello/othelloMenu.h...
Parsing file /home/travis/build/pastika/Othello/othelloMenu.h...
Preprocessing /home/travis/build/pastika/Othello/othelloPlayer.h...
Parsing file /home/travis/build/pastika/Othello/othelloPlayer.h...
Preprocessing /home/travis/build/pastika/Othello/othelloPlayerCES.cpp...
Parsing file /home/travis/build/pastika/Othello/othelloPlayerCES.cpp...
Preprocessing /home/travis/build/pastika/Othello/othelloPlayerCES.h...
Parsing file /home/travis/build/pastika/Othello/othelloPlayerCES.h...
Preprocessing /home/travis/build/pastika/Othello/othelloPlayerHuman.h...
Parsing file /home/travis/build/pastika/Othello/othelloPlayerHuman.h...
Preprocessing /home/travis/build/pastika/Othello/othelloPlayerLOM.cpp...
Parsing file /home/travis/build/pastika/Othello/othelloPlayerLOM.cpp...
Preprocessing /home/travis/build/pastika/Othello/othelloPlayerLOM.h...
Parsing file /home/travis/build/pastika/Othello/othelloPlayerLOM.h...
Preprocessing /home/travis/build/pastika/Othello/othelloPlayerRandom.cpp...
Parsing file /home/travis/build/pastika/Othello/othelloPlayerRandom.cpp...
Preprocessing /home/travis/build/pastika/Othello/othelloPlayerRandom.h...
Parsing file /home/travis/build/pastika/Othello/othelloPlayerRandom.h...
Preprocessing /home/travis/build/pastika/Othello/othelloPlayerRemote.h...
Parsing file /home/travis/build/pastika/Othello/othelloPlayerRemote.h...
Preprocessing /home/travis/build/pastika/Othello/othelloPlayerTelnet.h...
Parsing file /home/travis/build/pastika/Othello/othelloPlayerTelnet.h...
Preprocessing /home/travis/build/pastika/Othello/othelloServer.cpp...
Parsing file /home/travis/build/pastika/Othello/othelloServer.cpp...
Building group list...
Building directory list...
Building namespace list...
Building file list...
Building class list...
Associating documentation with classes...
Computing nesting relations for classes...
Building example list...
Searching for enumerations...
Searching for documented typedefs...
Searching for members imported via using declarations...
Searching for included using directives...
Searching for documented variables...
Building interface member list...
Building member list...
Searching for friends...
Searching for documented defines...
Computing class inheritance relations...
Computing class usage relations...
Flushing cached template relations that have become invalid...
Creating members for template instances...
Computing class relations...
Add enum values to enums...
Searching for member function documentation...
Building page list...
Search for main page...
Computing page relations...
Determining the scope of groups...
Sorting lists...
Freeing entry tree
Determining which enums are documented
Computing member relations...
Bui/home/travis/build/pastika/Othello/othelloArbiter.h:19: warning: Member addPlayer(OthelloPlayer *const player) (function) of class OthelloArbiter is not documented.
/home/travis/build/pastika/Othello/othelloArbiter.h:20: warning: Member playOthello() (function) of class OthelloArbiter is not documented.
/home/travis/build/pastika/Othello/othelloArbiter.h:22: warning: Member setVerbosity(int verbosity) (function) of class OthelloArbiter is not documented.
/home/travis/build/pastika/Othello/othelloArbiter.h:24: warning: Member OthelloArbiter(int sockd) (function) of class OthelloArbiter is not documented.
/home/travis/build/pastika/Othello/othelloArbiterClient.h:18: warning: Member OthelloArbiterClient(int sockd) (function) of class OthelloArbiterClient is not documented.
/home/travis/build/pastika/Othello/othelloArbiterClient.h:20: warning: Member setPlayer(OthelloPlayer *player) (function) of class OthelloArbiterClient is not documented.
/home/travis/build/pastika/Othello/othelloArbiterClient.h:22: warning: Member setVerbosity(int verbosity) (function) of class OthelloArbiterClient is not documented.
/home/travis/build/pastika/Othello/othelloArbiterClient.h:24: warning: Member beginArbitration() (function) of class OthelloArbiterClient is not documented.
/home/travis/build/pastika/Othello/othelloMenu.h:20: warning: Member OTHELLOSTATE (enumeration) of class OthelloMenu is not documented.
/home/travis/build/pastika/Othello/othelloMenu.h:176: warning: Member OthelloMenu(int sockd) (function) of class OthelloMenu is not documented.
/home/travis/build/pastika/Othello/othelloMenu.h:185: warning: Member setVerbosity(const int verbosity) (function) of class OthelloMenu is not documented.
/home/travis/build/pastika/Othello/othelloMenu.h:190: warning: Member startMenu() (function) of class OthelloMenu is not documented.
/home/travis/build/pastika/Othello/othelloMenu.h:197: warning: Member getPlayer1() (function) of class OthelloMenu is not documented.
/home/travis/build/pastika/Othello/othelloMenu.h:202: warning: Member getPlayer2() (function) of class OthelloMenu is not documented.
/home/travis/build/pastika/Othello/othelloPlayer.h:38: warning: argument 'The' of command @param is not found in the argument list of OthelloPlayer::setPlayer(const unsigned char player)
/home/travis/build/pastika/Othello/othelloPlayer.h:38: warning: The following parameters of OthelloPlayer::setPlayer(const unsigned char player) are not documented:
  parameter 'player'
/home/travis/build/pastika/Othello/othelloPlayer.h:47: warning: argument 'The' of command @param is not found in the argument list of OthelloPlayer::winner(const unsigned char winner, const OthelloBoard< 8, 8 > &board)
/home/travis/build/pastika/Othello/othelloPlayer.h:47: warning: The following parameters of OthelloPlayer::winner(const unsigned char winner, const OthelloBoard< 8, 8 > &board) are not documented:
  parameter 'board'
/home/travis/build/pastika/Othello/othelloPlayerRandom.h:17: warning: Member OthelloPlayerRandom(int seed=12321) (function) of class OthelloPlayerRandom is not documented.
/home/travis/build/pastika/Othello/othelloPlayerRemote.h:51: warning: Member OthelloPlayerRemote(int sockd) (function) of class OthelloPlayerRemote is not documented.
/home/travis/build/pastika/Othello/othelloPlayerRemote.h:56: warning: argument 'The' of command @param is not found in the argument list of OthelloPlayerRemote::winner(const unsigned char winner, const OthelloBoard< 8, 8 > &board) inherited from member winner at line 47 in file /home/travis/build/pastika/Othello/othelloPlayer.h
/home/travis/build/pastika/Othello/othelloPlayerRemote.h:56: warning: The following parameters of OthelloPlayerRemote::winner(const unsigned char winner, const OthelloBoard< 8, 8 > &board) are not documented:
  parameter 'board'
/home/travis/build/pastika/Othello/othelloPlayerTelnet.h:55: warning: Member OthelloPlayerTelnet(int sockd) (function) of class OthelloPlayerTelnet is not documented.
/home/travis/build/pastika/Othello/othelloPlayerTelnet.h:60: warning: argument 'The' of command @param is not found in the argument list of OthelloPlayerTelnet::winner(const unsigned char winner, const OthelloBoard< 8, 8 > &board) inherited from member winner at line 47 in file /home/travis/build/pastika/Othello/othelloPlayer.h
/home/travis/build/pastika/Othello/othelloPlayerTelnet.h:60: warning: The following parameters of OthelloPlayerTelnet::winner(const unsigned char winner, const OthelloBoard< 8, 8 > &board) are not documented:
  parameter 'board'
lding full member lists recursively...
Adding members to member groups.
Computing member references...
Inheriting documentation...
Generating disk names...
Adding source references...
Adding xrefitems...
Sorting member lists...
Computing dependencies between directories...
Generating citations page...
Counting data structures...
Resolving user defined references...
Finding anchors and sections in the documentation...
Transferring function references...
Combining using relations...
Adding members to index pages...
Generating style sheet...
Generating search indices...
Generating example documentation...
Generating file sources...
Generating code for file /home/travis/build/pastika/Othello/othelloArbiter.h...
Generating code for file /home/travis/build/pastika/Othello/othelloArbiterClient.h...
Generating code for file /home/travis/build/pastika/Othello/othelloBoard.h...
Generating code for file /home/travis/build/pastika/Othello/othelloMenu.h...
Generating code for file /home/travis/build/pastika/Othello/othelloPlayer.h...
Generating code for file /home/travis/build/pastika/Othello/othelloPlayerCES.h...
Generating code for file /home/travis/build/pastika/Othello/othelloPlayerHuman.h...
Generating code for file /home/travis/build/pastika/Othello/othelloPlayerLOM.h...
Generating code for file /home/travis/build/pastika/Othello/othelloPlayerRandom.h...
Generating code for file /home/travis/build/pastika/Othello/othelloPlayerRemote.h...
Generating code for file /home/travis/build/pastika/Othello/othelloPlayerTelnet.h...
Generating file documentation...
Generating page documentation...
Generating group documentation...
Generating class documentation...
Generating docs for compound OthelloArbiter...
Generating docs for compound OthelloArbiterClient...
Generating docs for compound OthelloBoard...
Generating docs for compound OthelloMenu...
Generating docs for compound OthelloPlayer...
Generating docs for compound OthelloPlayerCES...
Generating docs for compound OthelloPlayerHuman...
Generating docs for compound OthelloPlayerLOM...
Generating docs for compound OthelloPlayerRandom...
Generating docs for compound OthelloPlayerRemote...
Generating docs for compound OthelloPlayerTelnet...
Generating namespace index...
Generating graph info page...
Generating directory documentation...
Generating index page...
Generating page index...
Generating module index...
Generating namespace index...
Generating namespace member index...
Generating annotated compound index...
Generating alphabetical compound index...
Generating hierarchical class index...
Generating member index...
Generating file index...
Generating file member index...
Generating example index...
finalizing index lists...
lookup cache used 123/65536 hits=670 misses=128
finished...
